<?xml version="1.0" encoding="UTF-8"?>
<testng-results ignored="0" total="1" passed="1" failed="0" skipped="0">
  <reporter-output>
  </reporter-output>
  <suite started-at="2024-04-14T21:48:15 IST" name="Default suite" finished-at="2024-04-14T21:48:30 IST" duration-ms="15151">
    <groups>
    </groups>
    <test started-at="2024-04-14T21:48:15 IST" name="Default test" finished-at="2024-04-14T21:48:30 IST" duration-ms="15151">
      <class name="testpkg.Saucedemotest">
        <test-method is-config="true" signature="setup()[pri:0, instance:testpkg.Saucedemotest@3646a422]" started-at="2024-04-14T21:48:15 IST" name="setup" finished-at="2024-04-14T21:48:19 IST" duration-ms="3841" status="PASS">
          <reporter-output>
          </reporter-output>
        </test-method> <!-- setup -->
        <test-method signature="verifiyLoginWithValidCred()[pri:0, instance:testpkg.Saucedemotest@3646a422]" started-at="2024-04-14T21:48:19 IST" name="verifiyLoginWithValidCred" finished-at="2024-04-14T21:48:30 IST" duration-ms="11242" status="PASS">
          <reporter-output>
          </reporter-output>
        </test-method> <!-- verifiyLoginWithValidCred -->
      </class> <!-- testpkg.Saucedemotest -->
    </test> <!-- Default test -->
  </suite> <!-- Default suite -->
</testng-results>
